<?xml version="1.0" encoding="UTF-8"?>
<!-- Generated by org.testng.reporters.JUnitReportReporter -->
<testsuite hostname="Arjun-PC" name="Testscript.script_Login" tests="5" failures="0" timestamp="14 Mar 2017 04:42:45 GMT" time="178.778" errors="0">
  <testcase name="invalid_Login" time="46.353" classname="Testscript.script_Login"/>
  <testcase name="invalid_Login" time="22.037" classname="Testscript.script_Login"/>
  <testcase name="invalid_Login" time="14.554" classname="Testscript.script_Login"/>
  <testcase name="valid_Login" time="60.596" classname="Testscript.script_Login"/>
  <testcase name="invalid_Login" time="35.238" classname="Testscript.script_Login"/>
</testsuite> <!-- Testscript.script_Login -->
