<?xml version="1.0" encoding="UTF-8"?>
<!-- Generated by org.testng.reporters.JUnitReportReporter -->
<testsuite hostname="Arjun-PC" name="Testscript.script_Search" tests="2" failures="0" timestamp="14 Mar 2017 04:42:46 GMT" time="67.397" errors="0">
  <testcase name="Invalid_Search" time="42.873" classname="Testscript.script_Search"/>
  <testcase name="ValidSearch" time="24.524" classname="Testscript.script_Search"/>
</testsuite> <!-- Testscript.script_Search -->
