<?xml version="1.0" encoding="UTF-8"?>
<!-- Generated by org.testng.reporters.JUnitReportReporter -->
<testsuite hostname="Arjun-PC" name="Testscript.script_Search" tests="1" failures="0" timestamp="7 Apr 2017 11:40:12 GMT" time="29.149" errors="0">
  <testcase name="Invalid_Search" time="29.149" classname="Testscript.script_Search"/>
</testsuite> <!-- Testscript.script_Search -->
