<?xml version="1.0" encoding="UTF-8"?>
<!-- Generated by org.testng.reporters.JUnitReportReporter -->
<testsuite hostname="Arjun-PC" name="Testscript.script_Search" tests="1" failures="0" timestamp="4 Apr 2017 12:12:59 GMT" time="24.430" errors="0">
  <testcase name="Invalid_Search" time="24.430" classname="Testscript.script_Search"/>
</testsuite> <!-- Testscript.script_Search -->
