<?xml version="1.0" encoding="UTF-8"?>
<!-- Generated by org.testng.reporters.JUnitReportReporter -->
<testsuite hostname="Arjun-PC" name="Testscript.script_Login" tests="1" failures="0" timestamp="7 Apr 2017 11:40:12 GMT" time="418.317" errors="0">
  <testcase name="valid_Login" time="418.317" classname="Testscript.script_Login"/>
</testsuite> <!-- Testscript.script_Login -->
